<>2011/10/18 11:07:10
--->Event_21>: <CMD>_moveTo|3|-3|8|0|_construct|1|3.
><2011/10/18 11:07:10

<>2011/10/18 11:07:15
--->Event_21>: <CMD>_moveTo|4|-3|8|0|_construct|1|3.
><2011/10/18 11:07:15

<>2011/10/18 11:07:20
--->Event_21>: <CMD>_moveTo|5|-3|8|0|_construct|1|3.
><2011/10/18 11:07:20

<>2011/10/18 11:07:25
--->Event_21>: <CMD>_moveTo|6|-3|8|0|_construct|1|3.
><2011/10/18 11:07:25

<>2011/10/18 11:07:30
--->Event_21>: <CMD>_moveTo|7|-3|8|0|_construct|1|3.
><2011/10/18 11:07:30

<>2011/10/18 11:07:35
--->Event_21>: <CMD>_moveTo|8|-3|8|0|_construct|1|3.
><2011/10/18 11:07:35

<>2011/10/18 11:07:40
--->Event_21>: <CMD>_moveTo|8|-2|8|0|_construct|1|3.
><2011/10/18 11:07:40

<>2011/10/18 11:07:45
--->Event_21>: <CMD>_moveTo|8|-1|8|0|_construct|1|3.
><2011/10/18 11:07:45

<>2011/10/18 11:07:50
--->Event_21>: <CMD>_moveTo|8|0|8|0|_construct|1|3.
><2011/10/18 11:07:50

<>2011/10/18 11:07:55
><2011/10/18 11:07:55

<>2011/10/18 11:08:00
><2011/10/18 11:08:00

<>2011/10/18 11:08:05
--->Event_22>: <CMD>_construct|1|3|8|0.
><2011/10/18 11:08:05

<>2011/10/18 11:08:11
><2011/10/18 11:08:11

