<>2011/10/18 11:18:50
--->Event_27>: <CMD>_moveTo|3|-3|9|0|_construct|1|3.
3, -3
><2011/10/18 11:18:50

<>2011/10/18 11:19:00
--->Event_27>: <CMD>_moveTo|4|-3|9|0|_construct|1|3.
4, -3
><2011/10/18 11:19:00

<>2011/10/18 11:19:10
--->Event_27>: <CMD>_moveTo|5|-3|9|0|_construct|1|3.
5, -3
><2011/10/18 11:19:10

<>2011/10/18 11:19:20
--->Event_27>: <CMD>_moveTo|6|-3|9|0|_construct|1|3.
6, -3
><2011/10/18 11:19:20

<>2011/10/18 11:19:30
--->Event_27>: <CMD>_moveTo|7|-3|9|0|_construct|1|3.
7, -3
><2011/10/18 11:19:30

