<>2011/10/18 11:20:00
--->Event_27>: <CMD>_moveTo|8|-3|9|0|_construct|1|3.
ARF
8, 3
><2011/10/18 11:20:00

<>2011/10/18 11:20:10
--->Event_27>: <CMD>_moveTo|9|-3|9|0|_construct|1|3.
ARF
9, 3
><2011/10/18 11:20:10

<>2011/10/18 11:20:20
--->Event_27>: <CMD>_moveTo|9|-2|9|0|_construct|1|3.
ARF
9, 2
><2011/10/18 11:20:21

<>2011/10/18 11:20:30
--->Event_27>: <CMD>_moveTo|9|-1|9|0|_construct|1|3.
ARF
9, 1
><2011/10/18 11:20:30

<>2011/10/18 11:20:40
--->Event_27>: <CMD>_moveTo|9|0|9|0|_construct|1|3.
><2011/10/18 11:20:40

