<>2011/10/18 11:01:40
><2011/10/18 11:01:40

<>2011/10/18 11:01:45
><2011/10/18 11:01:45

<>2011/10/18 11:01:50
><2011/10/18 11:01:50

<>2011/10/18 11:01:55
><2011/10/18 11:01:55

<>2011/10/18 11:02:01
--->Event_19>: <CMD>_moveTo|3|-3|9|-1|_construct|1|3.
><2011/10/18 11:02:01

<>2011/10/18 11:02:05
--->Event_19>: <CMD>_moveTo|4|3|9|-1|_construct|1|3.
><2011/10/18 11:02:05

<>2011/10/18 11:02:10
--->Event_19>: <CMD>_moveTo|5|-3|9|-1|_construct|1|3.
><2011/10/18 11:02:10

<>2011/10/18 11:02:15
--->Event_19>: <CMD>_moveTo|6|3|9|-1|_construct|1|3.
><2011/10/18 11:02:15

<>2011/10/18 11:02:20
--->Event_19>: <CMD>_moveTo|7|-3|9|-1|_construct|1|3.
><2011/10/18 11:02:20

<>2011/10/18 11:02:25
--->Event_19>: <CMD>_moveTo|8|3|9|-1|_construct|1|3.
><2011/10/18 11:02:25

<>2011/10/18 11:02:30
--->Event_19>: <CMD>_moveTo|9|-3|9|-1|_construct|1|3.
><2011/10/18 11:02:30

<>2011/10/18 11:02:35
--->Event_19>: <CMD>_moveTo|9|2|9|-1|_construct|1|3.
><2011/10/18 11:02:35

<>2011/10/18 11:02:40
--->Event_19>: <CMD>_moveTo|9|-1|9|-1|_construct|1|3.
><2011/10/18 11:02:40

<>2011/10/18 11:02:45
><2011/10/18 11:02:45

<>2011/10/18 11:02:50
><2011/10/18 11:02:50

<>2011/10/18 11:02:55
--->Event_20>: <CMD>_construct|1|3|9|1.
><2011/10/18 11:02:55

<>2011/10/18 11:03:00
><2011/10/18 11:03:00

<>2011/10/18 11:03:05
><2011/10/18 11:03:05

<>2011/10/18 11:03:10
><2011/10/18 11:03:10

<>2011/10/18 11:03:15
><2011/10/18 11:03:15

<>2011/10/18 11:03:20
><2011/10/18 11:03:20

<>2011/10/18 11:03:26
><2011/10/18 11:03:26

<>2011/10/18 11:03:30
><2011/10/18 11:03:30

<>2011/10/18 11:03:35
><2011/10/18 11:03:35

<>2011/10/18 11:03:40
><2011/10/18 11:03:40

<>2011/10/18 11:03:45
><2011/10/18 11:03:45

<>2011/10/18 11:03:50
><2011/10/18 11:03:50

