<>2011/10/24 03:21:20
--->Event_6>: <CMD>_moveTo|44|-3|undefined|undefined|_construct|.
44, 3
--->Event_11>: <CMD>_moveTo|33|-3|undefined|undefined|_construct|.
33, 3
><2011/10/24 03:21:20

<>2011/10/24 03:21:30
--->Event_6>: <CMD>_moveTo|45|-3|undefined|undefined|_construct|.
45, 3
--->Event_11>: <CMD>_moveTo|34|-3|undefined|undefined|_construct|.
34, 3
><2011/10/24 03:21:30

<>2011/10/24 03:21:40
--->Event_6>: <CMD>_moveTo|46|-3|undefined|undefined|_construct|.
46, 3
--->Event_11>: <CMD>_moveTo|35|-3|undefined|undefined|_construct|.
35, 3
><2011/10/24 03:21:40

<>2011/10/24 03:21:50
--->Event_6>: <CMD>_moveTo|47|-3|undefined|undefined|_construct|.
47, 3
--->Event_11>: <CMD>_moveTo|36|-3|undefined|undefined|_construct|.
36, 3
><2011/10/24 03:21:50

<>2011/10/24 03:22:00
--->Event_6>: <CMD>_moveTo|48|-3|undefined|undefined|_construct|.
48, 3
--->Event_11>: <CMD>_moveTo|37|-3|undefined|undefined|_construct|.
37, 3
><2011/10/24 03:22:00

<>2011/10/24 03:22:10
--->Event_6>: <CMD>_moveTo|49|-3|undefined|undefined|_construct|.
49, 3
--->Event_11>: <CMD>_moveTo|38|-3|undefined|undefined|_construct|.
38, 3
><2011/10/24 03:22:10

<>2011/10/24 03:22:20
--->Event_6>: <CMD>_moveTo|50|-3|undefined|undefined|_construct|.
50, 3
--->Event_11>: <CMD>_moveTo|39|-3|undefined|undefined|_construct|.
39, 3
><2011/10/24 03:22:20

<>2011/10/24 03:22:30
--->Event_6>: <CMD>_moveTo|51|-3|undefined|undefined|_construct|.
51, 3
--->Event_11>: <CMD>_moveTo|40|-3|undefined|undefined|_construct|.
40, 3
><2011/10/24 03:22:30

<>2011/10/24 03:22:40
--->Event_6>: <CMD>_moveTo|52|-3|undefined|undefined|_construct|.
52, 3
--->Event_11>: <CMD>_moveTo|41|-3|undefined|undefined|_construct|.
41, 3
><2011/10/24 03:22:40

<>2011/10/24 03:22:50
--->Event_6>: <CMD>_moveTo|53|-3|undefined|undefined|_construct|.
53, 3
--->Event_11>: <CMD>_moveTo|42|-3|undefined|undefined|_construct|.
42, 3
><2011/10/24 03:22:50

<>2011/10/24 03:23:00
--->Event_6>: <CMD>_moveTo|54|-3|undefined|undefined|_construct|.
54, 3
--->Event_11>: <CMD>_moveTo|43|-3|undefined|undefined|_construct|.
43, 3
><2011/10/24 03:23:00

<>2011/10/24 03:23:10
--->Event_6>: <CMD>_moveTo|55|-3|undefined|undefined|_construct|.
55, 3
--->Event_11>: <CMD>_moveTo|44|-3|undefined|undefined|_construct|.
44, 3
><2011/10/24 03:23:10

<>2011/10/24 03:23:20
--->Event_6>: <CMD>_moveTo|56|-3|undefined|undefined|_construct|.
56, 3
--->Event_11>: <CMD>_moveTo|45|-3|undefined|undefined|_construct|.
45, 3
--->Event_15>: <CMD>_moveTo|3|-3|7|-6|_construct|1|3.
ARF
3, 3
><2011/10/24 03:23:21

<>2011/10/24 03:23:30
--->Event_6>: <CMD>_moveTo|57|-3|undefined|undefined|_construct|.
57, 3
--->Event_11>: <CMD>_moveTo|46|-3|undefined|undefined|_construct|.
46, 3
--->Event_15>: <CMD>_moveTo|4|-3|7|-6|_construct|1|3.
ARF
4, 3
><2011/10/24 03:23:30

<>2011/10/24 03:23:40
--->Event_6>: <CMD>_moveTo|58|-3|undefined|undefined|_construct|.
58, 3
--->Event_11>: <CMD>_moveTo|47|-3|undefined|undefined|_construct|.
47, 3
--->Event_15>: <CMD>_moveTo|5|-3|7|-6|_construct|1|3.
ARF
5, 3
><2011/10/24 03:23:40

<>2011/10/24 03:23:50
--->Event_6>: <CMD>_moveTo|59|-3|undefined|undefined|_construct|.
59, 3
--->Event_11>: <CMD>_moveTo|48|-3|undefined|undefined|_construct|.
48, 3
--->Event_15>: <CMD>_moveTo|6|-3|7|-6|_construct|1|3.
ARF
6, 3
><2011/10/24 03:23:50

<>2011/10/24 03:24:00
--->Event_6>: <CMD>_moveTo|60|-3|undefined|undefined|_construct|.
60, 3
--->Event_11>: <CMD>_moveTo|49|-3|undefined|undefined|_construct|.
49, 3
--->Event_15>: <CMD>_moveTo|7|-3|7|-6|_construct|1|3.
ARF
7, 3
><2011/10/24 03:24:00

<>2011/10/24 03:24:10
--->Event_6>: <CMD>_moveTo|61|-3|undefined|undefined|_construct|.
61, 3
--->Event_11>: <CMD>_moveTo|50|-3|undefined|undefined|_construct|.
50, 3
--->Event_15>: <CMD>_moveTo|7|-4|7|-6|_construct|1|3.
ARF
7, 4
><2011/10/24 03:24:10

<>2011/10/24 03:24:20
--->Event_6>: <CMD>_moveTo|62|-3|undefined|undefined|_construct|.
62, 3
--->Event_11>: <CMD>_moveTo|51|-3|undefined|undefined|_construct|.
51, 3
--->Event_15>: <CMD>_moveTo|7|-5|7|-6|_construct|1|3.
ARF
7, 5
><2011/10/24 03:24:20

<>2011/10/24 03:24:30
--->Event_6>: <CMD>_moveTo|63|-3|undefined|undefined|_construct|.
63, 3
--->Event_11>: <CMD>_moveTo|52|-3|undefined|undefined|_construct|.
52, 3
--->Event_15>: <CMD>_moveTo|7|-6|7|-6|_construct|1|3.
><2011/10/24 03:24:30

<>2011/10/24 03:24:40
--->Event_6>: <CMD>_moveTo|64|-3|undefined|undefined|_construct|.
64, 3
--->Event_11>: <CMD>_moveTo|53|-3|undefined|undefined|_construct|.
53, 3
><2011/10/24 03:24:40

<>2011/10/24 03:24:50
--->Event_6>: <CMD>_moveTo|65|-3|undefined|undefined|_construct|.
65, 3
--->Event_11>: <CMD>_moveTo|54|-3|undefined|undefined|_construct|.
54, 3
><2011/10/24 03:24:50

<>2011/10/24 03:25:00
--->Event_6>: <CMD>_moveTo|66|-3|undefined|undefined|_construct|.
66, 3
--->Event_11>: <CMD>_moveTo|55|-3|undefined|undefined|_construct|.
55, 3
--->Event_16>: <CMD>_construct|1|3|7|-6.
><2011/10/24 03:25:00

<>2011/10/24 03:25:10
--->Event_6>: <CMD>_moveTo|67|-3|undefined|undefined|_construct|.
67, 3
--->Event_11>: <CMD>_moveTo|56|-3|undefined|undefined|_construct|.
56, 3
><2011/10/24 03:25:10

<>2011/10/24 03:25:20
--->Event_6>: <CMD>_moveTo|68|-3|undefined|undefined|_construct|.
68, 3
--->Event_11>: <CMD>_moveTo|57|-3|undefined|undefined|_construct|.
57, 3
--->Event_17>: <CMD>_moveTo|3|-3|0|-2|_construct|1|3.
ARF
3, 3
><2011/10/24 03:25:20

<>2011/10/24 03:25:30
--->Event_6>: <CMD>_moveTo|69|-3|undefined|undefined|_construct|.
69, 3
--->Event_11>: <CMD>_moveTo|58|-3|undefined|undefined|_construct|.
58, 3
--->Event_17>: <CMD>_moveTo|2|-3|0|-2|_construct|1|3.
ARF
2, 3
><2011/10/24 03:25:30

<>2011/10/24 03:25:40
--->Event_6>: <CMD>_moveTo|70|-3|undefined|undefined|_construct|.
70, 3
--->Event_11>: <CMD>_moveTo|59|-3|undefined|undefined|_construct|.
59, 3
--->Event_17>: <CMD>_moveTo|1|-3|0|-2|_construct|1|3.
ARF
1, 3
><2011/10/24 03:25:40

<>2011/10/24 03:25:50
--->Event_6>: <CMD>_moveTo|71|-3|undefined|undefined|_construct|.
71, 3
--->Event_11>: <CMD>_moveTo|60|-3|undefined|undefined|_construct|.
60, 3
--->Event_17>: <CMD>_moveTo|0|-3|0|-2|_construct|1|3.
ARF
0, 3
><2011/10/24 03:25:50

<>2011/10/24 03:26:00
--->Event_6>: <CMD>_moveTo|72|-3|undefined|undefined|_construct|.
72, 3
--->Event_11>: <CMD>_moveTo|61|-3|undefined|undefined|_construct|.
61, 3
--->Event_17>: <CMD>_moveTo|0|-2|0|-2|_construct|1|3.
><2011/10/24 03:26:00

<>2011/10/24 03:26:10
--->Event_6>: <CMD>_moveTo|73|-3|undefined|undefined|_construct|.
73, 3
--->Event_11>: <CMD>_moveTo|62|-3|undefined|undefined|_construct|.
62, 3
><2011/10/24 03:26:10

<>2011/10/24 03:26:20
--->Event_6>: <CMD>_moveTo|74|-3|undefined|undefined|_construct|.
74, 3
--->Event_11>: <CMD>_moveTo|63|-3|undefined|undefined|_construct|.
63, 3
><2011/10/24 03:26:21

<>2011/10/24 03:26:30
--->Event_6>: <CMD>_moveTo|75|-3|undefined|undefined|_construct|.
75, 3
--->Event_11>: <CMD>_moveTo|64|-3|undefined|undefined|_construct|.
64, 3
--->Event_18>: <CMD>_construct|1|3|0|-2.
><2011/10/24 03:26:30

<>2011/10/24 03:26:40
--->Event_6>: <CMD>_moveTo|76|-3|undefined|undefined|_construct|.
76, 3
--->Event_11>: <CMD>_moveTo|65|-3|undefined|undefined|_construct|.
65, 3
><2011/10/24 03:26:40

<>2011/10/24 03:26:50
--->Event_6>: <CMD>_moveTo|77|-3|undefined|undefined|_construct|.
77, 3
--->Event_11>: <CMD>_moveTo|66|-3|undefined|undefined|_construct|.
66, 3
><2011/10/24 03:26:50

<>2011/10/24 03:27:00
--->Event_6>: <CMD>_moveTo|78|-3|undefined|undefined|_construct|.
78, 3
--->Event_11>: <CMD>_moveTo|67|-3|undefined|undefined|_construct|.
67, 3
><2011/10/24 03:27:00

<>2011/10/24 03:27:10
--->Event_6>: <CMD>_moveTo|79|-3|undefined|undefined|_construct|.
79, 3
--->Event_11>: <CMD>_moveTo|68|-3|undefined|undefined|_construct|.
68, 3
><2011/10/24 03:27:10

<>2011/10/24 03:27:20
--->Event_6>: <CMD>_moveTo|80|-3|undefined|undefined|_construct|.
80, 3
--->Event_11>: <CMD>_moveTo|69|-3|undefined|undefined|_construct|.
69, 3
><2011/10/24 03:27:20

<>2011/10/24 03:27:30
--->Event_6>: <CMD>_moveTo|81|-3|undefined|undefined|_construct|.
81, 3
--->Event_11>: <CMD>_moveTo|70|-3|undefined|undefined|_construct|.
70, 3
><2011/10/24 03:27:30

<>2011/10/24 03:27:40
--->Event_6>: <CMD>_moveTo|82|-3|undefined|undefined|_construct|.
82, 3
--->Event_11>: <CMD>_moveTo|71|-3|undefined|undefined|_construct|.
71, 3
><2011/10/24 03:27:40

<>2011/10/24 03:27:50
--->Event_6>: <CMD>_moveTo|83|-3|undefined|undefined|_construct|.
83, 3
--->Event_11>: <CMD>_moveTo|72|-3|undefined|undefined|_construct|.
72, 3
><2011/10/24 03:27:50

<>2011/10/24 03:28:00
--->Event_6>: <CMD>_moveTo|84|-3|undefined|undefined|_construct|.
84, 3
--->Event_11>: <CMD>_moveTo|73|-3|undefined|undefined|_construct|.
73, 3
><2011/10/24 03:28:00

<>2011/10/24 03:28:10
--->Event_6>: <CMD>_moveTo|85|-3|undefined|undefined|_construct|.
85, 3
--->Event_11>: <CMD>_moveTo|74|-3|undefined|undefined|_construct|.
74, 3
><2011/10/24 03:28:10

<>2011/10/24 03:28:20
--->Event_6>: <CMD>_moveTo|86|-3|undefined|undefined|_construct|.
86, 3
--->Event_11>: <CMD>_moveTo|75|-3|undefined|undefined|_construct|.
75, 3
><2011/10/24 03:28:20

<>2011/10/24 03:28:30
--->Event_6>: <CMD>_moveTo|87|-3|undefined|undefined|_construct|.
87, 3
--->Event_11>: <CMD>_moveTo|76|-3|undefined|undefined|_construct|.
76, 3
><2011/10/24 03:28:30

<>2011/10/24 03:28:40
--->Event_6>: <CMD>_moveTo|88|-3|undefined|undefined|_construct|.
88, 3
--->Event_11>: <CMD>_moveTo|77|-3|undefined|undefined|_construct|.
77, 3
><2011/10/24 03:28:40

<>2011/10/24 03:28:50
--->Event_6>: <CMD>_moveTo|89|-3|undefined|undefined|_construct|.
89, 3
--->Event_11>: <CMD>_moveTo|78|-3|undefined|undefined|_construct|.
78, 3
><2011/10/24 03:28:50

<>2011/10/24 03:29:00
--->Event_6>: <CMD>_moveTo|90|-3|undefined|undefined|_construct|.
90, 3
--->Event_11>: <CMD>_moveTo|79|-3|undefined|undefined|_construct|.
79, 3
><2011/10/24 03:29:00

<>2011/10/24 03:29:10
--->Event_6>: <CMD>_moveTo|91|-3|undefined|undefined|_construct|.
91, 3
--->Event_11>: <CMD>_moveTo|80|-3|undefined|undefined|_construct|.
80, 3
><2011/10/24 03:29:10

<>2011/10/24 03:29:20
--->Event_6>: <CMD>_moveTo|92|-3|undefined|undefined|_construct|.
92, 3
--->Event_11>: <CMD>_moveTo|81|-3|undefined|undefined|_construct|.
81, 3
><2011/10/24 03:29:20

<>2011/10/24 03:29:30
--->Event_6>: <CMD>_moveTo|93|-3|undefined|undefined|_construct|.
93, 3
--->Event_11>: <CMD>_moveTo|82|-3|undefined|undefined|_construct|.
82, 3
><2011/10/24 03:29:30

<>2011/10/24 03:29:40
--->Event_6>: <CMD>_moveTo|94|-3|undefined|undefined|_construct|.
94, 3
--->Event_11>: <CMD>_moveTo|83|-3|undefined|undefined|_construct|.
83, 3
><2011/10/24 03:29:40

<>2011/10/24 03:29:50
--->Event_6>: <CMD>_moveTo|95|-3|undefined|undefined|_construct|.
95, 3
--->Event_11>: <CMD>_moveTo|84|-3|undefined|undefined|_construct|.
84, 3
><2011/10/24 03:29:50

<>2011/10/24 03:30:00
--->Event_6>: <CMD>_moveTo|96|-3|undefined|undefined|_construct|.
96, 3
--->Event_11>: <CMD>_moveTo|85|-3|undefined|undefined|_construct|.
85, 3
><2011/10/24 03:30:01

<>2011/10/24 03:30:10
--->Event_6>: <CMD>_moveTo|97|-3|undefined|undefined|_construct|.
97, 3
--->Event_11>: <CMD>_moveTo|86|-3|undefined|undefined|_construct|.
86, 3
><2011/10/24 03:30:10

<>2011/10/24 03:30:20
--->Event_6>: <CMD>_moveTo|98|-3|undefined|undefined|_construct|.
98, 3
--->Event_11>: <CMD>_moveTo|87|-3|undefined|undefined|_construct|.
87, 3
><2011/10/24 03:30:20

<>2011/10/24 03:30:30
--->Event_6>: <CMD>_moveTo|99|-3|undefined|undefined|_construct|.
99, 3
--->Event_11>: <CMD>_moveTo|88|-3|undefined|undefined|_construct|.
88, 3
><2011/10/24 03:30:30

<>2011/10/24 03:30:40
--->Event_6>: <CMD>_moveTo|100|-3|undefined|undefined|_construct.
100, 3
--->Event_11>: <CMD>_moveTo|89|-3|undefined|undefined|_construct|.
89, 3
><2011/10/24 03:30:40

<>2011/10/24 03:30:50
--->Event_6>: <CMD>_moveTo|101|-3|undefined|undefined|_construct.
101, 3
--->Event_11>: <CMD>_moveTo|90|-3|undefined|undefined|_construct|.
90, 3
><2011/10/24 03:30:50

<>2011/10/24 03:31:00
--->Event_6>: <CMD>_moveTo|102|-3|undefined|undefined|_construct.
102, 3
--->Event_11>: <CMD>_moveTo|91|-3|undefined|undefined|_construct|.
91, 3
><2011/10/24 03:31:00

<>2011/10/24 03:31:10
--->Event_6>: <CMD>_moveTo|103|-3|undefined|undefined|_construct.
103, 3
--->Event_11>: <CMD>_moveTo|92|-3|undefined|undefined|_construct|.
92, 3
><2011/10/24 03:31:10

<>2011/10/24 03:31:20
--->Event_6>: <CMD>_moveTo|104|-3|undefined|undefined|_construct.
104, 3
--->Event_11>: <CMD>_moveTo|93|-3|undefined|undefined|_construct|.
93, 3
><2011/10/24 03:31:20

<>2011/10/24 03:31:30
--->Event_6>: <CMD>_moveTo|105|-3|undefined|undefined|_construct.
105, 3
--->Event_11>: <CMD>_moveTo|94|-3|undefined|undefined|_construct|.
94, 3
><2011/10/24 03:31:30

<>2011/10/24 03:31:40
--->Event_6>: <CMD>_moveTo|106|-3|undefined|undefined|_construct.
106, 3
--->Event_11>: <CMD>_moveTo|95|-3|undefined|undefined|_construct|.
95, 3
><2011/10/24 03:31:40

<>2011/10/24 03:31:50
--->Event_6>: <CMD>_moveTo|107|-3|undefined|undefined|_construct.
107, 3
--->Event_11>: <CMD>_moveTo|96|-3|undefined|undefined|_construct|.
96, 3
><2011/10/24 03:31:50

<>2011/10/24 03:32:00
--->Event_6>: <CMD>_moveTo|108|-3|undefined|undefined|_construct.
108, 3
--->Event_11>: <CMD>_moveTo|97|-3|undefined|undefined|_construct|.
97, 3
><2011/10/24 03:32:00

<>2011/10/24 03:32:10
--->Event_6>: <CMD>_moveTo|109|-3|undefined|undefined|_construct.
109, 3
--->Event_11>: <CMD>_moveTo|98|-3|undefined|undefined|_construct|.
98, 3
><2011/10/24 03:32:10

<>2011/10/24 03:32:20
--->Event_6>: <CMD>_moveTo|110|-3|undefined|undefined|_construct.
110, 3
--->Event_11>: <CMD>_moveTo|99|-3|undefined|undefined|_construct|.
99, 3
><2011/10/24 03:32:20

<>2011/10/24 03:32:30
--->Event_6>: <CMD>_moveTo|111|-3|undefined|undefined|_construct.
111, 3
--->Event_11>: <CMD>_moveTo|100|-3|undefined|undefined|_construct.
100, 3
><2011/10/24 03:32:30

<>2011/10/24 03:32:40
--->Event_6>: <CMD>_moveTo|112|-3|undefined|undefined|_construct.
112, 3
--->Event_11>: <CMD>_moveTo|101|-3|undefined|undefined|_construct.
101, 3
><2011/10/24 03:32:40

<>2011/10/24 03:32:50
--->Event_6>: <CMD>_moveTo|113|-3|undefined|undefined|_construct.
113, 3
--->Event_11>: <CMD>_moveTo|102|-3|undefined|undefined|_construct.
102, 3
><2011/10/24 03:32:50

<>2011/10/24 03:33:00
--->Event_6>: <CMD>_moveTo|114|-3|undefined|undefined|_construct.
114, 3
--->Event_11>: <CMD>_moveTo|103|-3|undefined|undefined|_construct.
103, 3
><2011/10/24 03:33:00

<>2011/10/24 03:33:10
--->Event_6>: <CMD>_moveTo|115|-3|undefined|undefined|_construct.
115, 3
--->Event_11>: <CMD>_moveTo|104|-3|undefined|undefined|_construct.
104, 3
><2011/10/24 03:33:10

<>2011/10/24 03:33:20
--->Event_6>: <CMD>_moveTo|116|-3|undefined|undefined|_construct.
116, 3
--->Event_11>: <CMD>_moveTo|105|-3|undefined|undefined|_construct.
105, 3
><2011/10/24 03:33:20

<>2011/10/24 03:33:30
--->Event_6>: <CMD>_moveTo|117|-3|undefined|undefined|_construct.
117, 3
--->Event_11>: <CMD>_moveTo|106|-3|undefined|undefined|_construct.
106, 3
><2011/10/24 03:33:30

<>2011/10/24 03:33:40
--->Event_6>: <CMD>_moveTo|118|-3|undefined|undefined|_construct.
118, 3
--->Event_11>: <CMD>_moveTo|107|-3|undefined|undefined|_construct.
107, 3
><2011/10/24 03:33:40

<>2011/10/24 03:33:50
--->Event_6>: <CMD>_moveTo|119|-3|undefined|undefined|_construct.
119, 3
--->Event_11>: <CMD>_moveTo|108|-3|undefined|undefined|_construct.
108, 3
><2011/10/24 03:33:50

<>2011/10/24 03:34:00
--->Event_6>: <CMD>_moveTo|120|-3|undefined|undefined|_construct.
120, 3
--->Event_11>: <CMD>_moveTo|109|-3|undefined|undefined|_construct.
109, 3
><2011/10/24 03:34:00

<>2011/10/24 03:34:10
--->Event_6>: <CMD>_moveTo|121|-3|undefined|undefined|_construct.
121, 3
--->Event_11>: <CMD>_moveTo|110|-3|undefined|undefined|_construct.
110, 3
><2011/10/24 03:34:10

<>2011/10/24 03:34:20
--->Event_6>: <CMD>_moveTo|122|-3|undefined|undefined|_construct.
122, 3
--->Event_11>: <CMD>_moveTo|111|-3|undefined|undefined|_construct.
111, 3
><2011/10/24 03:34:21

<>2011/10/24 03:34:30
--->Event_6>: <CMD>_moveTo|123|-3|undefined|undefined|_construct.
123, 3
--->Event_11>: <CMD>_moveTo|112|-3|undefined|undefined|_construct.
112, 3
><2011/10/24 03:34:30

<>2011/10/24 03:34:40
--->Event_6>: <CMD>_moveTo|124|-3|undefined|undefined|_construct.
124, 3
--->Event_11>: <CMD>_moveTo|113|-3|undefined|undefined|_construct.
113, 3
><2011/10/24 03:34:40

<>2011/10/24 03:34:50
--->Event_6>: <CMD>_moveTo|125|-3|undefined|undefined|_construct.
125, 3
--->Event_11>: <CMD>_moveTo|114|-3|undefined|undefined|_construct.
114, 3
><2011/10/24 03:34:50

<>2011/10/24 03:35:00
--->Event_6>: <CMD>_moveTo|126|-3|undefined|undefined|_construct.
126, 3
--->Event_11>: <CMD>_moveTo|115|-3|undefined|undefined|_construct.
115, 3
><2011/10/24 03:35:00

<>2011/10/24 03:35:10
--->Event_6>: <CMD>_moveTo|127|-3|undefined|undefined|_construct.
127, 3
--->Event_11>: <CMD>_moveTo|116|-3|undefined|undefined|_construct.
116, 3
><2011/10/24 03:35:10

<>2011/10/24 03:35:20
--->Event_6>: <CMD>_moveTo|128|-3|undefined|undefined|_construct.
128, 3
--->Event_11>: <CMD>_moveTo|117|-3|undefined|undefined|_construct.
117, 3
><2011/10/24 03:35:20

<>2011/10/24 03:35:30
--->Event_6>: <CMD>_moveTo|129|-3|undefined|undefined|_construct.
129, 3
--->Event_11>: <CMD>_moveTo|118|-3|undefined|undefined|_construct.
118, 3
><2011/10/24 03:35:30

<>2011/10/24 03:35:40
--->Event_6>: <CMD>_moveTo|130|-3|undefined|undefined|_construct.
130, 3
--->Event_11>: <CMD>_moveTo|119|-3|undefined|undefined|_construct.
119, 3
><2011/10/24 03:35:40

<>2011/10/24 03:35:50
--->Event_6>: <CMD>_moveTo|131|-3|undefined|undefined|_construct.
131, 3
--->Event_11>: <CMD>_moveTo|120|-3|undefined|undefined|_construct.
120, 3
><2011/10/24 03:35:50

<>2011/10/24 03:36:00
--->Event_6>: <CMD>_moveTo|132|-3|undefined|undefined|_construct.
132, 3
--->Event_11>: <CMD>_moveTo|121|-3|undefined|undefined|_construct.
121, 3
><2011/10/24 03:36:00

<>2011/10/24 03:36:10
--->Event_6>: <CMD>_moveTo|133|-3|undefined|undefined|_construct.
133, 3
--->Event_11>: <CMD>_moveTo|122|-3|undefined|undefined|_construct.
122, 3
><2011/10/24 03:36:10

<>2011/10/24 03:36:20
--->Event_6>: <CMD>_moveTo|134|-3|undefined|undefined|_construct.
134, 3
--->Event_11>: <CMD>_moveTo|123|-3|undefined|undefined|_construct.
123, 3
><2011/10/24 03:36:20

<>2011/10/24 03:36:30
--->Event_6>: <CMD>_moveTo|135|-3|undefined|undefined|_construct.
135, 3
--->Event_11>: <CMD>_moveTo|124|-3|undefined|undefined|_construct.
124, 3
><2011/10/24 03:36:30

<>2011/10/24 03:36:40
--->Event_6>: <CMD>_moveTo|136|-3|undefined|undefined|_construct.
136, 3
--->Event_11>: <CMD>_moveTo|125|-3|undefined|undefined|_construct.
125, 3
><2011/10/24 03:36:40

<>2011/10/24 03:36:50
--->Event_6>: <CMD>_moveTo|137|-3|undefined|undefined|_construct.
137, 3
--->Event_11>: <CMD>_moveTo|126|-3|undefined|undefined|_construct.
126, 3
><2011/10/24 03:36:50

<>2011/10/24 03:37:00
--->Event_6>: <CMD>_moveTo|138|-3|undefined|undefined|_construct.
138, 3
--->Event_11>: <CMD>_moveTo|127|-3|undefined|undefined|_construct.
127, 3
><2011/10/24 03:37:00

<>2011/10/24 03:37:10
--->Event_6>: <CMD>_moveTo|139|-3|undefined|undefined|_construct.
139, 3
--->Event_11>: <CMD>_moveTo|128|-3|undefined|undefined|_construct.
128, 3
><2011/10/24 03:37:10

<>2011/10/24 03:37:20
--->Event_6>: <CMD>_moveTo|140|-3|undefined|undefined|_construct.
140, 3
--->Event_11>: <CMD>_moveTo|129|-3|undefined|undefined|_construct.
129, 3
><2011/10/24 03:37:20

<>2011/10/24 03:37:30
--->Event_6>: <CMD>_moveTo|141|-3|undefined|undefined|_construct.
141, 3
--->Event_11>: <CMD>_moveTo|130|-3|undefined|undefined|_construct.
130, 3
><2011/10/24 03:37:30

<>2011/10/24 03:37:40
--->Event_6>: <CMD>_moveTo|142|-3|undefined|undefined|_construct.
142, 3
--->Event_11>: <CMD>_moveTo|131|-3|undefined|undefined|_construct.
131, 3
><2011/10/24 03:37:40

<>2011/10/24 03:37:50
--->Event_6>: <CMD>_moveTo|143|-3|undefined|undefined|_construct.
143, 3
--->Event_11>: <CMD>_moveTo|132|-3|undefined|undefined|_construct.
132, 3
><2011/10/24 03:37:50

<>2011/10/24 03:38:00
--->Event_6>: <CMD>_moveTo|144|-3|undefined|undefined|_construct.
144, 3
--->Event_11>: <CMD>_moveTo|133|-3|undefined|undefined|_construct.
133, 3
><2011/10/24 03:38:00

<>2011/10/24 03:38:10
--->Event_6>: <CMD>_moveTo|145|-3|undefined|undefined|_construct.
145, 3
--->Event_11>: <CMD>_moveTo|134|-3|undefined|undefined|_construct.
134, 3
><2011/10/24 03:38:10

<>2011/10/24 03:38:20
--->Event_6>: <CMD>_moveTo|146|-3|undefined|undefined|_construct.
146, 3
--->Event_11>: <CMD>_moveTo|135|-3|undefined|undefined|_construct.
135, 3
><2011/10/24 03:38:20

<>2011/10/24 03:38:30
--->Event_6>: <CMD>_moveTo|147|-3|undefined|undefined|_construct.
147, 3
--->Event_11>: <CMD>_moveTo|136|-3|undefined|undefined|_construct.
136, 3
><2011/10/24 03:38:30

<>2011/10/24 03:38:40
--->Event_6>: <CMD>_moveTo|148|-3|undefined|undefined|_construct.
148, 3
--->Event_11>: <CMD>_moveTo|137|-3|undefined|undefined|_construct.
137, 3
><2011/10/24 03:38:40

<>2011/10/24 03:38:50
--->Event_6>: <CMD>_moveTo|149|-3|undefined|undefined|_construct.
149, 3
--->Event_11>: <CMD>_moveTo|138|-3|undefined|undefined|_construct.
138, 3
><2011/10/24 03:38:51

<>2011/10/24 03:39:00
--->Event_6>: <CMD>_moveTo|150|-3|undefined|undefined|_construct.
150, 3
--->Event_11>: <CMD>_moveTo|139|-3|undefined|undefined|_construct.
139, 3
><2011/10/24 03:39:00

<>2011/10/24 03:39:10
--->Event_6>: <CMD>_moveTo|151|-3|undefined|undefined|_construct.
151, 3
--->Event_11>: <CMD>_moveTo|140|-3|undefined|undefined|_construct.
140, 3
><2011/10/24 03:39:10

<>2011/10/24 03:39:20
--->Event_6>: <CMD>_moveTo|152|-3|undefined|undefined|_construct.
152, 3
--->Event_11>: <CMD>_moveTo|141|-3|undefined|undefined|_construct.
141, 3
><2011/10/24 03:39:20

<>2011/10/24 03:39:30
--->Event_6>: <CMD>_moveTo|153|-3|undefined|undefined|_construct.
153, 3
--->Event_11>: <CMD>_moveTo|142|-3|undefined|undefined|_construct.
142, 3
><2011/10/24 03:39:30

<>2011/10/24 03:39:40
--->Event_6>: <CMD>_moveTo|154|-3|undefined|undefined|_construct.
154, 3
--->Event_11>: <CMD>_moveTo|143|-3|undefined|undefined|_construct.
143, 3
><2011/10/24 03:39:40

<>2011/10/24 03:39:50
--->Event_6>: <CMD>_moveTo|155|-3|undefined|undefined|_construct.
155, 3
--->Event_11>: <CMD>_moveTo|144|-3|undefined|undefined|_construct.
144, 3
><2011/10/24 03:39:50

<>2011/10/24 03:40:00
--->Event_6>: <CMD>_moveTo|156|-3|undefined|undefined|_construct.
156, 3
--->Event_11>: <CMD>_moveTo|145|-3|undefined|undefined|_construct.
145, 3
><2011/10/24 03:40:00

<>2011/10/24 03:40:10
--->Event_6>: <CMD>_moveTo|157|-3|undefined|undefined|_construct.
157, 3
--->Event_11>: <CMD>_moveTo|146|-3|undefined|undefined|_construct.
146, 3
><2011/10/24 03:40:10

<>2011/10/24 03:40:20
--->Event_6>: <CMD>_moveTo|158|-3|undefined|undefined|_construct.
158, 3
--->Event_11>: <CMD>_moveTo|147|-3|undefined|undefined|_construct.
147, 3
><2011/10/24 03:40:20

<>2011/10/24 03:40:30
--->Event_6>: <CMD>_moveTo|159|-3|undefined|undefined|_construct.
159, 3
--->Event_11>: <CMD>_moveTo|148|-3|undefined|undefined|_construct.
148, 3
><2011/10/24 03:40:30

<>2011/10/24 03:40:40
--->Event_6>: <CMD>_moveTo|160|-3|undefined|undefined|_construct.
160, 3
--->Event_11>: <CMD>_moveTo|149|-3|undefined|undefined|_construct.
149, 3
><2011/10/24 03:40:40

<>2011/10/24 03:40:50
--->Event_6>: <CMD>_moveTo|161|-3|undefined|undefined|_construct.
161, 3
--->Event_11>: <CMD>_moveTo|150|-3|undefined|undefined|_construct.
150, 3
><2011/10/24 03:40:50

<>2011/10/24 03:41:00
--->Event_6>: <CMD>_moveTo|162|-3|undefined|undefined|_construct.
162, 3
--->Event_11>: <CMD>_moveTo|151|-3|undefined|undefined|_construct.
151, 3
><2011/10/24 03:41:00

<>2011/10/24 03:41:10
--->Event_6>: <CMD>_moveTo|163|-3|undefined|undefined|_construct.
163, 3
--->Event_11>: <CMD>_moveTo|152|-3|undefined|undefined|_construct.
152, 3
><2011/10/24 03:41:10

<>2011/10/24 03:41:20
--->Event_6>: <CMD>_moveTo|164|-3|undefined|undefined|_construct.
164, 3
--->Event_11>: <CMD>_moveTo|153|-3|undefined|undefined|_construct.
153, 3
><2011/10/24 03:41:20

<>2011/10/24 03:41:30
--->Event_6>: <CMD>_moveTo|165|-3|undefined|undefined|_construct.
165, 3
--->Event_11>: <CMD>_moveTo|154|-3|undefined|undefined|_construct.
154, 3
><2011/10/24 03:41:30

<>2011/10/24 03:41:40
--->Event_6>: <CMD>_moveTo|166|-3|undefined|undefined|_construct.
166, 3
--->Event_11>: <CMD>_moveTo|155|-3|undefined|undefined|_construct.
155, 3
><2011/10/24 03:41:40

<>2011/10/24 03:41:50
--->Event_6>: <CMD>_moveTo|167|-3|undefined|undefined|_construct.
167, 3
--->Event_11>: <CMD>_moveTo|156|-3|undefined|undefined|_construct.
156, 3
><2011/10/24 03:41:50

<>2011/10/24 03:42:00
--->Event_6>: <CMD>_moveTo|168|-3|undefined|undefined|_construct.
168, 3
--->Event_11>: <CMD>_moveTo|157|-3|undefined|undefined|_construct.
157, 3
><2011/10/24 03:42:00

<>2011/10/24 03:42:10
--->Event_6>: <CMD>_moveTo|169|-3|undefined|undefined|_construct.
169, 3
--->Event_11>: <CMD>_moveTo|158|-3|undefined|undefined|_construct.
158, 3
><2011/10/24 03:42:10

<>2011/10/24 03:42:20
--->Event_6>: <CMD>_moveTo|170|-3|undefined|undefined|_construct.
170, 3
--->Event_11>: <CMD>_moveTo|159|-3|undefined|undefined|_construct.
159, 3
><2011/10/24 03:42:21

<>2011/10/24 03:42:30
--->Event_6>: <CMD>_moveTo|171|-3|undefined|undefined|_construct.
171, 3
--->Event_11>: <CMD>_moveTo|160|-3|undefined|undefined|_construct.
160, 3
><2011/10/24 03:42:30

<>2011/10/24 03:42:40
--->Event_6>: <CMD>_moveTo|172|-3|undefined|undefined|_construct.
172, 3
--->Event_11>: <CMD>_moveTo|161|-3|undefined|undefined|_construct.
161, 3
><2011/10/24 03:42:40

<>2011/10/24 03:42:50
--->Event_6>: <CMD>_moveTo|173|-3|undefined|undefined|_construct.
173, 3
--->Event_11>: <CMD>_moveTo|162|-3|undefined|undefined|_construct.
162, 3
><2011/10/24 03:42:50

<>2011/10/24 03:43:00
--->Event_6>: <CMD>_moveTo|174|-3|undefined|undefined|_construct.
174, 3
--->Event_11>: <CMD>_moveTo|163|-3|undefined|undefined|_construct.
163, 3
><2011/10/24 03:43:00

<>2011/10/24 03:43:10
--->Event_6>: <CMD>_moveTo|175|-3|undefined|undefined|_construct.
175, 3
--->Event_11>: <CMD>_moveTo|164|-3|undefined|undefined|_construct.
164, 3
><2011/10/24 03:43:10

<>2011/10/24 03:43:20
--->Event_6>: <CMD>_moveTo|176|-3|undefined|undefined|_construct.
176, 3
--->Event_11>: <CMD>_moveTo|165|-3|undefined|undefined|_construct.
165, 3
><2011/10/24 03:43:20

<>2011/10/24 03:43:30
--->Event_6>: <CMD>_moveTo|177|-3|undefined|undefined|_construct.
177, 3
--->Event_11>: <CMD>_moveTo|166|-3|undefined|undefined|_construct.
166, 3
><2011/10/24 03:43:30

<>2011/10/24 03:43:40
--->Event_6>: <CMD>_moveTo|178|-3|undefined|undefined|_construct.
178, 3
--->Event_11>: <CMD>_moveTo|167|-3|undefined|undefined|_construct.
167, 3
><2011/10/24 03:43:40

<>2011/10/24 03:43:50
--->Event_6>: <CMD>_moveTo|179|-3|undefined|undefined|_construct.
179, 3
--->Event_11>: <CMD>_moveTo|168|-3|undefined|undefined|_construct.
168, 3
><2011/10/24 03:43:50

<>2011/10/24 03:44:00
--->Event_6>: <CMD>_moveTo|180|-3|undefined|undefined|_construct.
180, 3
--->Event_11>: <CMD>_moveTo|169|-3|undefined|undefined|_construct.
169, 3
><2011/10/24 03:44:00

<>2011/10/24 03:44:10
--->Event_6>: <CMD>_moveTo|181|-3|undefined|undefined|_construct.
181, 3
--->Event_11>: <CMD>_moveTo|170|-3|undefined|undefined|_construct.
170, 3
><2011/10/24 03:44:10

<>2011/10/24 03:44:20
--->Event_6>: <CMD>_moveTo|182|-3|undefined|undefined|_construct.
182, 3
--->Event_11>: <CMD>_moveTo|171|-3|undefined|undefined|_construct.
171, 3
><2011/10/24 03:44:20

<>2011/10/24 03:44:30
--->Event_6>: <CMD>_moveTo|183|-3|undefined|undefined|_construct.
183, 3
--->Event_11>: <CMD>_moveTo|172|-3|undefined|undefined|_construct.
172, 3
><2011/10/24 03:44:30

<>2011/10/24 03:44:40
--->Event_6>: <CMD>_moveTo|184|-3|undefined|undefined|_construct.
184, 3
--->Event_11>: <CMD>_moveTo|173|-3|undefined|undefined|_construct.
173, 3
><2011/10/24 03:44:40

<>2011/10/24 03:44:50
--->Event_6>: <CMD>_moveTo|185|-3|undefined|undefined|_construct.
185, 3
--->Event_11>: <CMD>_moveTo|174|-3|undefined|undefined|_construct.
174, 3
><2011/10/24 03:44:50

<>2011/10/24 03:45:00
--->Event_6>: <CMD>_moveTo|186|-3|undefined|undefined|_construct.
186, 3
--->Event_11>: <CMD>_moveTo|175|-3|undefined|undefined|_construct.
175, 3
><2011/10/24 03:45:00

<>2011/10/24 03:45:10
--->Event_6>: <CMD>_moveTo|187|-3|undefined|undefined|_construct.
187, 3
--->Event_11>: <CMD>_moveTo|176|-3|undefined|undefined|_construct.
176, 3
><2011/10/24 03:45:10

<>2011/10/24 03:45:20
--->Event_6>: <CMD>_moveTo|188|-3|undefined|undefined|_construct.
188, 3
--->Event_11>: <CMD>_moveTo|177|-3|undefined|undefined|_construct.
177, 3
><2011/10/24 03:45:20

<>2011/10/24 03:45:30
--->Event_6>: <CMD>_moveTo|189|-3|undefined|undefined|_construct.
189, 3
--->Event_11>: <CMD>_moveTo|178|-3|undefined|undefined|_construct.
178, 3
><2011/10/24 03:45:30

<>2011/10/24 03:45:40
--->Event_6>: <CMD>_moveTo|190|-3|undefined|undefined|_construct.
190, 3
--->Event_11>: <CMD>_moveTo|179|-3|undefined|undefined|_construct.
179, 3
><2011/10/24 03:45:40

<>2011/10/24 03:45:50
--->Event_6>: <CMD>_moveTo|191|-3|undefined|undefined|_construct.
191, 3
--->Event_11>: <CMD>_moveTo|180|-3|undefined|undefined|_construct.
180, 3
><2011/10/24 03:45:50

<>2011/10/24 03:46:00
--->Event_6>: <CMD>_moveTo|192|-3|undefined|undefined|_construct.
192, 3
--->Event_11>: <CMD>_moveTo|181|-3|undefined|undefined|_construct.
181, 3
><2011/10/24 03:46:00

<>2011/10/24 03:46:10
--->Event_6>: <CMD>_moveTo|193|-3|undefined|undefined|_construct.
193, 3
--->Event_11>: <CMD>_moveTo|182|-3|undefined|undefined|_construct.
182, 3
><2011/10/24 03:46:10

<>2011/10/24 03:46:20
--->Event_6>: <CMD>_moveTo|194|-3|undefined|undefined|_construct.
194, 3
--->Event_11>: <CMD>_moveTo|183|-3|undefined|undefined|_construct.
183, 3
><2011/10/24 03:46:20

<>2011/10/24 03:46:30
--->Event_6>: <CMD>_moveTo|195|-3|undefined|undefined|_construct.
195, 3
--->Event_11>: <CMD>_moveTo|184|-3|undefined|undefined|_construct.
184, 3
><2011/10/24 03:46:30

<>2011/10/24 03:46:40
--->Event_6>: <CMD>_moveTo|196|-3|undefined|undefined|_construct.
196, 3
--->Event_11>: <CMD>_moveTo|185|-3|undefined|undefined|_construct.
185, 3
><2011/10/24 03:46:41

