<>2011/10/18 11:12:10
--->Event_23>: <CMD>_moveTo|3|-3|9|0|_construct|1|3.
><2011/10/18 11:12:10

<>2011/10/18 11:12:20
--->Event_23>: <CMD>_moveTo|4|-3|9|0|_construct|1|3.
><2011/10/18 11:12:20

<>2011/10/18 11:12:30
--->Event_23>: <CMD>_moveTo|5|-3|9|0|_construct|1|3.
><2011/10/18 11:12:30

<>2011/10/18 11:12:40
--->Event_23>: <CMD>_moveTo|6|-3|9|0|_construct|1|3.
><2011/10/18 11:12:40

<>2011/10/18 11:12:50
--->Event_23>: <CMD>_moveTo|7|-3|9|0|_construct|1|3.
><2011/10/18 11:12:50

<>2011/10/18 11:13:00
--->Event_23>: <CMD>_moveTo|8|-3|9|0|_construct|1|3.
><2011/10/18 11:13:00

<>2011/10/18 11:13:10
--->Event_23>: <CMD>_moveTo|9|-3|9|0|_construct|1|3.
><2011/10/18 11:13:10

<>2011/10/18 11:13:20
--->Event_23>: <CMD>_moveTo|9|-2|9|0|_construct|1|3.
><2011/10/18 11:13:20

<>2011/10/18 11:13:30
--->Event_23>: <CMD>_moveTo|9|-1|9|0|_construct|1|3.
><2011/10/18 11:13:30

<>2011/10/18 11:13:40
--->Event_23>: <CMD>_moveTo|9|0|9|0|_construct|1|3.
><2011/10/18 11:13:41

<>2011/10/18 11:13:50
><2011/10/18 11:13:50

<>2011/10/18 11:14:00
><2011/10/18 11:14:00

<>2011/10/18 11:14:10
--->Event_24>: <CMD>_construct|1|3|9|0.
><2011/10/18 11:14:10

<>2011/10/18 11:14:20
><2011/10/18 11:14:20

